<?xml version="1.0" encoding="utf-8"?><testsuites name="pytest tests"><testsuite name="pytest" errors="0" failures="0" skipped="0" tests="18" time="9.696" timestamp="2026-09-18T08:44:03.459149+00:00" hostname="agent-env-82faae2a-489f-4c8d-ac94-2b192a266e00"><testcase classname="tests.test_pp18_iter3" name="test_indicator_weight_crud" time="1.849" /><testcase classname="tests.test_pp18_e2e" name="test_login_all_roles" time="1.838" /><testcase classname="tests.test_pp18_e2e" name="test_login_invalid" time="0.003" /><testcase classname="tests.test_pp18_e2e" name="test_indicators_seeded" time="0.005" /><testcase classname="tests.test_pp18_e2e" name="test_sub_urusan_returned_for_trantibumlinmas" time="0.004" /><testcase classname="tests.test_pp18_iter3" name="test_reference_urusan" time="0.004" /><testcase classname="tests.test_pp18_iter3" name="test_delete_upload_when_draft" time="1.163" /><testcase classname="tests.test_pp18_iter3" name="test_delete_upload_forbidden_when_selesai" time="2.113" /><testcase classname="tests.test_pp18_e2e" name="test_workflow_scoring" time="3.262" /><testcase classname="tests.test_pp18_e2e" name="test_perangkat_cannot_verify" time="0.003" /><testcase classname="tests.test_pp18_e2e" name="test_reject_without_note_rejected" time="1.715" /><testcase classname="tests.test_pp18_iter3" name="test_teknis_avg_weighted" time="1.898" /><testcase classname="tests.test_pp18_e2e" name="test_report_preview_and_save" time="0.186" /><testcase classname="tests.test_pp18_e2e" name="test_perangkat_sees_own_area_reports" time="0.003" /><testcase classname="tests.test_pp18_e2e" name="test_stats" time="0.513" /><testcase classname="tests.test_pp18_iter3" name="test_score_out_of_range_rejected" time="1.165" /><testcase classname="tests.test_pp18_e2e" name="test_audit_admin_only" time="0.103" /><testcase classname="tests.test_pp18_iter3" name="test_data_validasi_max_500" time="0.961" /></testsuite></testsuites>