<?xml version="1.0" encoding="utf-8"?><testsuites name="pytest tests"><testsuite name="pytest" errors="0" failures="0" skipped="0" tests="11" time="3.356" timestamp="2026-09-18T02:54:50.867114+00:00" hostname="agent-env-82faae2a-489f-4c8d-ac94-2b192a266e00"><testcase classname="tests.test_pp18_e2e" name="test_login_all_roles" time="0.937" /><testcase classname="tests.test_pp18_e2e" name="test_login_invalid" time="0.003" /><testcase classname="tests.test_pp18_e2e" name="test_indicators_seeded" time="0.004" /><testcase classname="tests.test_pp18_e2e" name="test_sub_urusan_returned_for_trantibumlinmas" time="0.003" /><testcase classname="tests.test_pp18_e2e" name="test_workflow_scoring" time="0.972" /><testcase classname="tests.test_pp18_e2e" name="test_perangkat_cannot_verify" time="0.002" /><testcase classname="tests.test_pp18_e2e" name="test_reject_without_note_rejected" time="0.886" /><testcase classname="tests.test_pp18_e2e" name="test_report_preview_and_save" time="0.024" /><testcase classname="tests.test_pp18_e2e" name="test_perangkat_sees_own_area_reports" time="0.004" /><testcase classname="tests.test_pp18_e2e" name="test_stats" time="0.017" /><testcase classname="tests.test_pp18_e2e" name="test_audit_admin_only" time="0.005" /></testsuite></testsuites>