<?xml version="1.0" encoding="utf-8"?><testsuites name="pytest tests"><testsuite name="pytest" errors="0" failures="0" skipped="0" tests="11" time="11.397" timestamp="2026-09-17T09:20:25.753800+00:00" hostname="agent-env-82faae2a-489f-4c8d-ac94-2b192a266e00"><testcase classname="tests.test_e2e_scoring" name="test_login_all_roles" time="2.260" /><testcase classname="tests.test_e2e_scoring" name="test_login_invalid" time="0.151" /><testcase classname="tests.test_e2e_scoring" name="test_indicators_seeded" time="0.168" /><testcase classname="tests.test_e2e_scoring" name="test_active_period" time="0.124" /><testcase classname="tests.test_e2e_scoring" name="test_admin_role_gate" time="0.125" /><testcase classname="tests.test_e2e_scoring" name="test_admin_user_crud" time="0.628" /><testcase classname="tests.test_e2e_scoring" name="test_workflow_completes" time="5.353" /><testcase classname="tests.test_e2e_scoring" name="test_penilai_score_out_of_range" time="0.126" /><testcase classname="tests.test_e2e_scoring" name="test_perangkat_cannot_verify" time="0.120" /><testcase classname="tests.test_e2e_scoring" name="test_upload_lock_blocks_create" time="0.795" /><testcase classname="tests.test_e2e_scoring" name="test_stats_endpoints" time="0.976" /></testsuite></testsuites>